<?xml version="1.0" encoding="UTF-8"?>
<!-- Generated by org.testng.reporters.JUnitXMLReporter -->
<testsuite ignored="0" hostname="DESKTOP-BH4BE79" failures="0" tests="4" name="Default test" time="9.454" errors="0" timestamp="2022-11-15T22:34:30 EST">
  <testcase classname="com.MavenProject.AnnoTestNG" name="test2_openingURL" time="1.636"/>
  <testcase classname="com.MavenProject.AnnoTestNG" name="test3_scrolling" time="2.06"/>
  <testcase classname="com.MavenProject.AnnoTestNG" name="test4_clickingBookStore" time="2.116"/>
  <testcase classname="com.MavenProject.AnnoTestNG" name="test5_clickingElements" time="2.054"/>
</testsuite> <!-- Default test -->
