<?xml version="1.0" encoding="UTF-8"?>
<testng-results ignored="0" total="1" passed="1" failed="0" skipped="0">
  <reporter-output>
  </reporter-output>
  <suite started-at="2022-11-23T21:47:20 EST" name="Surefire suite" finished-at="2022-11-23T21:47:46 EST" duration-ms="26843">
    <groups>
    </groups>
    <test started-at="2022-11-23T21:47:20 EST" name="Surefire test" finished-at="2022-11-23T21:47:46 EST" duration-ms="26843">
      <class name="com.MavenProject.FirstTestNG">
        <test-method signature="test1()[pri:0, instance:com.MavenProject.FirstTestNG@7d68ef40]" started-at="2022-11-23T21:47:20 EST" name="test1" finished-at="2022-11-23T21:47:46 EST" duration-ms="26820" status="PASS">
          <reporter-output>
          </reporter-output>
        </test-method> <!-- test1 -->
      </class> <!-- com.MavenProject.FirstTestNG -->
    </test> <!-- Surefire test -->
  </suite> <!-- Surefire suite -->
</testng-results>
