<?xml version="1.0" encoding="UTF-8"?>
<testng-results ignored="0" total="4" passed="4" failed="0" skipped="0">
  <reporter-output>
  </reporter-output>
  <suite started-at="2022-11-15T22:34:20 EST" name="Default suite" finished-at="2022-11-15T22:34:30 EST" duration-ms="9454">
    <groups>
    </groups>
    <test started-at="2022-11-15T22:34:20 EST" name="Default test" finished-at="2022-11-15T22:34:30 EST" duration-ms="9454">
      <class name="com.MavenProject.AnnoTestNG">
        <test-method is-config="true" signature="openingBrowser()[pri:0, instance:com.MavenProject.AnnoTestNG@1d2adfbe]" started-at="2022-11-15T22:34:20 EST" name="openingBrowser" finished-at="2022-11-15T22:34:22 EST" duration-ms="1433" status="PASS">
          <reporter-output>
          </reporter-output>
        </test-method> <!-- openingBrowser -->
        <test-method signature="test2_openingURL()[pri:0, instance:com.MavenProject.AnnoTestNG@1d2adfbe]" started-at="2022-11-15T22:34:22 EST" name="test2_openingURL" finished-at="2022-11-15T22:34:23 EST" duration-ms="1636" status="PASS">
          <reporter-output>
          </reporter-output>
        </test-method> <!-- test2_openingURL -->
        <test-method signature="test3_scrolling()[pri:0, instance:com.MavenProject.AnnoTestNG@1d2adfbe]" started-at="2022-11-15T22:34:23 EST" name="test3_scrolling" finished-at="2022-11-15T22:34:25 EST" duration-ms="2060" status="PASS">
          <reporter-output>
          </reporter-output>
        </test-method> <!-- test3_scrolling -->
        <test-method signature="test4_clickingBookStore()[pri:0, instance:com.MavenProject.AnnoTestNG@1d2adfbe]" started-at="2022-11-15T22:34:25 EST" name="test4_clickingBookStore" finished-at="2022-11-15T22:34:27 EST" duration-ms="2116" status="PASS">
          <reporter-output>
          </reporter-output>
        </test-method> <!-- test4_clickingBookStore -->
        <test-method signature="test5_clickingElements()[pri:0, instance:com.MavenProject.AnnoTestNG@1d2adfbe]" started-at="2022-11-15T22:34:27 EST" name="test5_clickingElements" finished-at="2022-11-15T22:34:29 EST" duration-ms="2054" status="PASS">
          <reporter-output>
          </reporter-output>
        </test-method> <!-- test5_clickingElements -->
        <test-method is-config="true" signature="closingBrowser()[pri:0, instance:com.MavenProject.AnnoTestNG@1d2adfbe]" started-at="2022-11-15T22:34:29 EST" name="closingBrowser" finished-at="2022-11-15T22:34:30 EST" duration-ms="122" status="PASS">
          <reporter-output>
          </reporter-output>
        </test-method> <!-- closingBrowser -->
      </class> <!-- com.MavenProject.AnnoTestNG -->
    </test> <!-- Default test -->
  </suite> <!-- Default suite -->
</testng-results>
